This is pdfTeX, Version 3.14159265-2.6-1.40.15 (TeX Live 2015/dev/Debian) (preloaded format=pdflatex 2015.8.30)  30 SEP 2015 20:07
entering extended mode
 restricted \write18 enabled.
 %&-line parsing enabled.
**sir-two-independant.m
(./sir-two-independant.m
LaTeX2e <2014/05/01>
Babel <3.9l> and hyphenation patterns for 2 languages loaded.

! LaTeX Error: Missing \begin{document}.

See the LaTeX manual or LaTeX Companion for explanation.
Type  H <return>  for immediate help.
 ...                                              
                                                  
l.1 p
     kg load odepkg
? q
OK, entering \batchmode...
Missing character: There is no p in font nullfont!
Missing character: There is no k in font nullfont!
Missing character: There is no g in font nullfont!
Missing character: There is no l in font nullfont!
Missing character: There is no o in font nullfont!
Missing character: There is no a in font nullfont!
Missing character: There is no d in font nullfont!
Missing character: There is no o in font nullfont!
Missing character: There is no d in font nullfont!
Missing character: There is no e in font nullfont!
Missing character: There is no p in font nullfont!
Missing character: There is no k in font nullfont!
Missing character: There is no g in font nullfont!

Overfull \hbox (20.0pt too wide) in paragraph at lines 1--2
[]
 []


! LaTeX Error: Missing \begin{document}.

See the LaTeX manual or LaTeX Companion for explanation.
Type  H <return>  for immediate help.
 ...                                              
                                                  
l.4 g
     lobal beta = 6.0;
You're in trouble here.  Try typing  <return>  to proceed.
If that doesn't work, type  X <return>  to quit.

Missing character: There is no g in font nullfont!
Missing character: There is no l in font nullfont!
Missing character: There is no o in font nullfont!
Missing character: There is no b in font nullfont!
Missing character: There is no a in font nullfont!
Missing character: There is no l in font nullfont!
Missing character: There is no b in font nullfont!
Missing character: There is no e in font nullfont!
Missing character: There is no t in font nullfont!
Missing character: There is no a in font nullfont!
Missing character: There is no = in font nullfont!
Missing character: There is no 6 in font nullfont!
Missing character: There is no . in font nullfont!
Missing character: There is no 0 in font nullfont!
Missing character: There is no ; in font nullfont!

Overfull \hbox (20.0pt too wide) in paragraph at lines 4--5
[]
 []


! LaTeX Error: Missing \begin{document}.

See the LaTeX manual or LaTeX Companion for explanation.
Type  H <return>  for immediate help.
 ...                                              
                                                  
l.7 g
     lobal gamma = 4.0;
You're in trouble here.  Try typing  <return>  to proceed.
If that doesn't work, type  X <return>  to quit.

Missing character: There is no g in font nullfont!
Missing character: There is no l in font nullfont!
Missing character: There is no o in font nullfont!
Missing character: There is no b in font nullfont!
Missing character: There is no a in font nullfont!
Missing character: There is no l in font nullfont!
Missing character: There is no g in font nullfont!
Missing character: There is no a in font nullfont!
Missing character: There is no m in font nullfont!
Missing character: There is no m in font nullfont!
Missing character: There is no a in font nullfont!
Missing character: There is no = in font nullfont!
Missing character: There is no 4 in font nullfont!
Missing character: There is no . in font nullfont!
Missing character: There is no 0 in font nullfont!
Missing character: There is no ; in font nullfont!

Overfull \hbox (20.0pt too wide) in paragraph at lines 7--8
[]
 []


! LaTeX Error: Missing \begin{document}.

See the LaTeX manual or LaTeX Companion for explanation.
Type  H <return>  for immediate help.
 ...                                              
                                                  
l.10 N
      _Students = 21000;
You're in trouble here.  Try typing  <return>  to proceed.
If that doesn't work, type  X <return>  to quit.

Missing character: There is no N in font nullfont!
! Missing $ inserted.
<inserted text> 
                $
l.10 N_
       Students = 21000;
I've inserted a begin-math/end-math symbol since I think
you left one out. Proceed, with fingers crossed.

LaTeX Font Info:    External font `cmex10' loaded for size
(Font)              <7> on input line 10.
LaTeX Font Info:    External font `cmex10' loaded for size
(Font)              <5> on input line 10.
! Missing $ inserted.
<inserted text> 
                $
l.13 
     
I've inserted a begin-math/end-math symbol since I think
you left one out. Proceed, with fingers crossed.


Overfull \hbox (69.84637pt too wide) in paragraph at lines 10--13
[]$[]\OML/cmm/m/it/10 tudents \OT1/cmr/m/n/10 =
 []


Overfull \hbox (87.58481pt too wide) in paragraph at lines 10--13
\OT1/cmr/m/n/10 21000; \OML/cmm/m/it/10 N[]thacans \OT1/cmr/m/n/10 =
 []


Overfull \hbox (67.26163pt too wide) in paragraph at lines 10--13
\OT1/cmr/m/n/10 28000; \OML/cmm/m/it/10 globalN\OT1/cmr/m/n/10 ;$ 
 []


! LaTeX Error: Missing \begin{document}.

See the LaTeX manual or LaTeX Companion for explanation.
Type  H <return>  for immediate help.
 ...                                              
                                                  
l.15 v
      _original = 4000;
You're in trouble here.  Try typing  <return>  to proceed.
If that doesn't work, type  X <return>  to quit.

Missing character: There is no v in font nullfont!
! Missing $ inserted.
<inserted text> 
                $
l.15 v_
       original = 4000;
I've inserted a begin-math/end-math symbol since I think
you left one out. Proceed, with fingers crossed.

! Missing $ inserted.
<inserted text> 
                $
l.17 
     
I've inserted a begin-math/end-math symbol since I think
you left one out. Proceed, with fingers crossed.


Overfull \hbox (66.27963pt too wide) in paragraph at lines 15--17
[]$[]\OML/cmm/m/it/10 riginal \OT1/cmr/m/n/10 =
 []


Overfull \hbox (58.34265pt too wide) in paragraph at lines 15--17
\OT1/cmr/m/n/10 4000; \OML/cmm/m/it/10 globalv\OT1/cmr/m/n/10 ;$ 
 []


! LaTeX Error: Missing \begin{document}.

See the LaTeX manual or LaTeX Companion for explanation.
Type  H <return>  for immediate help.
 ...                                              
                                                  
l.18 f
      unction derivs = sir(t, x)
You're in trouble here.  Try typing  <return>  to proceed.
If that doesn't work, type  X <return>  to quit.

Missing character: There is no f in font nullfont!
Missing character: There is no u in font nullfont!
Missing character: There is no n in font nullfont!
Missing character: There is no c in font nullfont!
Missing character: There is no t in font nullfont!
Missing character: There is no i in font nullfont!
Missing character: There is no o in font nullfont!
Missing character: There is no n in font nullfont!
Missing character: There is no d in font nullfont!
Missing character: There is no e in font nullfont!
Missing character: There is no r in font nullfont!
Missing character: There is no i in font nullfont!
Missing character: There is no v in font nullfont!
Missing character: There is no s in font nullfont!
Missing character: There is no = in font nullfont!
Missing character: There is no s in font nullfont!
Missing character: There is no i in font nullfont!
Missing character: There is no r in font nullfont!
Missing character: There is no ( in font nullfont!
Missing character: There is no t in font nullfont!
Missing character: There is no , in font nullfont!
Missing character: There is no x in font nullfont!
Missing character: There is no ) in font nullfont!
Missing character: There is no g in font nullfont!
Missing character: There is no l in font nullfont!
Missing character: There is no o in font nullfont!
Missing character: There is no b in font nullfont!
Missing character: There is no a in font nullfont!
Missing character: There is no l in font nullfont!
Missing character: There is no b in font nullfont!
Missing character: There is no e in font nullfont!
Missing character: There is no t in font nullfont!
Missing character: There is no a in font nullfont!
Missing character: There is no ; in font nullfont!
Missing character: There is no g in font nullfont!
Missing character: There is no l in font nullfont!
Missing character: There is no o in font nullfont!
Missing character: There is no b in font nullfont!
Missing character: There is no a in font nullfont!
Missing character: There is no l in font nullfont!
Missing character: There is no g in font nullfont!
Missing character: There is no a in font nullfont!
Missing character: There is no m in font nullfont!
Missing character: There is no m in font nullfont!
Missing character: There is no a in font nullfont!
Missing character: There is no ; in font nullfont!
Missing character: There is no g in font nullfont!
Missing character: There is no l in font nullfont!
Missing character: There is no o in font nullfont!
Missing character: There is no b in font nullfont!
Missing character: There is no a in font nullfont!
Missing character: There is no l in font nullfont!
Missing character: There is no N in font nullfont!
Missing character: There is no ; in font nullfont!
Missing character: There is no g in font nullfont!
Missing character: There is no l in font nullfont!
Missing character: There is no o in font nullfont!
Missing character: There is no b in font nullfont!
Missing character: There is no a in font nullfont!
Missing character: There is no l in font nullfont!
Missing character: There is no v in font nullfont!
Missing character: There is no ; in font nullfont!
Missing character: There is no s in font nullfont!
Missing character: There is no = in font nullfont!
Missing character: There is no x in font nullfont!
Missing character: There is no ( in font nullfont!
Missing character: There is no 1 in font nullfont!
Missing character: There is no ) in font nullfont!
Missing character: There is no ; in font nullfont!
Missing character: There is no i in font nullfont!
Missing character: There is no = in font nullfont!
Missing character: There is no x in font nullfont!
Missing character: There is no ( in font nullfont!
Missing character: There is no 2 in font nullfont!
Missing character: There is no ) in font nullfont!
Missing character: There is no ; in font nullfont!
Missing character: There is no r in font nullfont!
Missing character: There is no = in font nullfont!
Missing character: There is no x in font nullfont!
Missing character: There is no ( in font nullfont!
Missing character: There is no 3 in font nullfont!
Missing character: There is no ) in font nullfont!
Missing character: There is no ; in font nullfont!
Missing character: There is no d in font nullfont!
Missing character: There is no e in font nullfont!
Missing character: There is no r in font nullfont!
Missing character: There is no i in font nullfont!
Missing character: There is no v in font nullfont!
Missing character: There is no s in font nullfont!
Missing character: There is no = in font nullfont!
Missing character: There is no [ in font nullfont!
Missing character: There is no - in font nullfont!
Missing character: There is no b in font nullfont!
Missing character: There is no e in font nullfont!
Missing character: There is no t in font nullfont!
Missing character: There is no a in font nullfont!
Missing character: There is no * in font nullfont!
Missing character: There is no s in font nullfont!
Missing character: There is no * in font nullfont!
Missing character: There is no i in font nullfont!
Missing character: There is no / in font nullfont!
Missing character: There is no N in font nullfont!
Missing character: There is no - in font nullfont!
Missing character: There is no v in font nullfont!
Missing character: There is no ; in font nullfont!
Missing character: There is no b in font nullfont!
Missing character: There is no e in font nullfont!
Missing character: There is no t in font nullfont!
Missing character: There is no a in font nullfont!
Missing character: There is no * in font nullfont!
Missing character: There is no s in font nullfont!
Missing character: There is no * in font nullfont!
Missing character: There is no i in font nullfont!
Missing character: There is no / in font nullfont!
Missing character: There is no N in font nullfont!
Missing character: There is no - in font nullfont!
Missing character: There is no g in font nullfont!
Missing character: There is no a in font nullfont!
Missing character: There is no m in font nullfont!
Missing character: There is no m in font nullfont!
Missing character: There is no a in font nullfont!
Missing character: There is no * in font nullfont!
Missing character: There is no i in font nullfont!
Missing character: There is no ; in font nullfont!
Missing character: There is no g in font nullfont!
Missing character: There is no a in font nullfont!
Missing character: There is no m in font nullfont!
Missing character: There is no m in font nullfont!
Missing character: There is no a in font nullfont!
Missing character: There is no * in font nullfont!
Missing character: There is no i in font nullfont!
Missing character: There is no + in font nullfont!
Missing character: There is no v in font nullfont!
Missing character: There is no ] in font nullfont!
Missing character: There is no ; in font nullfont!
Missing character: There is no e in font nullfont!
Missing character: There is no n in font nullfont!
Missing character: There is no d in font nullfont!

Overfull \hbox (20.0pt too wide) in paragraph at lines 18--23
[]
 []


! LaTeX Error: Missing \begin{document}.

See the LaTeX manual or LaTeX Companion for explanation.
Type  H <return>  for immediate help.
 ...                                              
                                                  
l.24 f
      unction [ value, isterminal, parity] = check_for_end(t, x)
You're in trouble here.  Try typing  <return>  to proceed.
If that doesn't work, type  X <return>  to quit.

Missing character: There is no f in font nullfont!
Missing character: There is no u in font nullfont!
Missing character: There is no n in font nullfont!
Missing character: There is no c in font nullfont!
Missing character: There is no t in font nullfont!
Missing character: There is no i in font nullfont!
Missing character: There is no o in font nullfont!
Missing character: There is no n in font nullfont!
Missing character: There is no [ in font nullfont!
Missing character: There is no v in font nullfont!
Missing character: There is no a in font nullfont!
Missing character: There is no l in font nullfont!
Missing character: There is no u in font nullfont!
Missing character: There is no e in font nullfont!
Missing character: There is no , in font nullfont!
Missing character: There is no i in font nullfont!
Missing character: There is no s in font nullfont!
Missing character: There is no t in font nullfont!
Missing character: There is no e in font nullfont!
Missing character: There is no r in font nullfont!
Missing character: There is no m in font nullfont!
Missing character: There is no i in font nullfont!
Missing character: There is no n in font nullfont!
Missing character: There is no a in font nullfont!
Missing character: There is no l in font nullfont!
Missing character: There is no , in font nullfont!
Missing character: There is no p in font nullfont!
Missing character: There is no a in font nullfont!
Missing character: There is no r in font nullfont!
Missing character: There is no i in font nullfont!
Missing character: There is no t in font nullfont!
Missing character: There is no y in font nullfont!
Missing character: There is no ] in font nullfont!
Missing character: There is no = in font nullfont!
Missing character: There is no c in font nullfont!
Missing character: There is no h in font nullfont!
Missing character: There is no e in font nullfont!
Missing character: There is no c in font nullfont!
Missing character: There is no k in font nullfont!
! Missing $ inserted.
<inserted text> 
                $
l.24 ...tion [ value, isterminal, parity] = check_
                                                  for_end(t, x)
I've inserted a begin-math/end-math symbol since I think
you left one out. Proceed, with fingers crossed.

! Missing $ inserted.
<inserted text> 
                $
l.29 
     
I've inserted a begin-math/end-math symbol since I think
you left one out. Proceed, with fingers crossed.


Overfull \hbox (20.0pt too wide) in paragraph at lines 24--29
[]
 []


Overfull \hbox (86.20164pt too wide) in paragraph at lines 24--29
[]\OML/cmm/m/it/10 or[]nd\OT1/cmr/m/n/10 (\OML/cmm/m/it/10 t; x\OT1/cmr/m/n/10 
)\OML/cmm/m/it/10 value \OT1/cmr/m/n/10 =
 []


Overfull \hbox (81.37646pt too wide) in paragraph at lines 24--29
\OML/cmm/m/it/10 x\OT1/cmr/m/n/10 (1); \OML/cmm/m/it/10 isterminal \OT1/cmr/m/n
/10 =
 []


Overfull \hbox (47.42429pt too wide) in paragraph at lines 24--29
\OT1/cmr/m/n/10 1; \OML/cmm/m/it/10 parity \OT1/cmr/m/n/10 =
 []


Overfull \hbox (33.08571pt too wide) in paragraph at lines 24--29
\OMS/cmsy/m/n/10 ^^@\OT1/cmr/m/n/10 1; \OML/cmm/m/it/10 end$ 
 []


! LaTeX Error: Missing \begin{document}.

See the LaTeX manual or LaTeX Companion for explanation.
Type  H <return>  for immediate help.
 ...                                              
                                                  
l.30 o
      ptions = odeset("RelTol", 1e-2,
You're in trouble here.  Try typing  <return>  to proceed.
If that doesn't work, type  X <return>  to quit.

Missing character: There is no o in font nullfont!
Missing character: There is no p in font nullfont!
Missing character: There is no t in font nullfont!
Missing character: There is no i in font nullfont!
Missing character: There is no o in font nullfont!
Missing character: There is no n in font nullfont!
Missing character: There is no s in font nullfont!
Missing character: There is no = in font nullfont!
Missing character: There is no o in font nullfont!
Missing character: There is no d in font nullfont!
Missing character: There is no e in font nullfont!
Missing character: There is no s in font nullfont!
Missing character: There is no e in font nullfont!
Missing character: There is no t in font nullfont!
Missing character: There is no ( in font nullfont!
Missing character: There is no " in font nullfont!
Missing character: There is no R in font nullfont!
Missing character: There is no e in font nullfont!
Missing character: There is no l in font nullfont!
Missing character: There is no T in font nullfont!
Missing character: There is no o in font nullfont!
Missing character: There is no l in font nullfont!
Missing character: There is no " in font nullfont!
Missing character: There is no , in font nullfont!
Missing character: There is no 1 in font nullfont!
Missing character: There is no e in font nullfont!
Missing character: There is no - in font nullfont!
Missing character: There is no 2 in font nullfont!
Missing character: There is no , in font nullfont!
Missing character: There is no " in font nullfont!
Missing character: There is no A in font nullfont!
Missing character: There is no b in font nullfont!
Missing character: There is no s in font nullfont!
Missing character: There is no T in font nullfont!
Missing character: There is no o in font nullfont!
Missing character: There is no l in font nullfont!
Missing character: There is no " in font nullfont!
Missing character: There is no , in font nullfont!
Missing character: There is no 1 in font nullfont!
Missing character: There is no e in font nullfont!
Missing character: There is no - in font nullfont!
Missing character: There is no 2 in font nullfont!
Missing character: There is no , in font nullfont!
Missing character: There is no " in font nullfont!
Missing character: There is no I in font nullfont!
Missing character: There is no n in font nullfont!
Missing character: There is no i in font nullfont!
Missing character: There is no t in font nullfont!
Missing character: There is no i in font nullfont!
Missing character: There is no a in font nullfont!
Missing character: There is no l in font nullfont!
Missing character: There is no S in font nullfont!
Missing character: There is no t in font nullfont!
Missing character: There is no e in font nullfont!
Missing character: There is no p in font nullfont!
Missing character: There is no " in font nullfont!
Missing character: There is no , in font nullfont!
Missing character: There is no 0 in font nullfont!
Missing character: There is no . in font nullfont!
Missing character: There is no 0 in font nullfont!
Missing character: There is no 1 in font nullfont!
Missing character: There is no , in font nullfont!
Missing character: There is no " in font nullfont!
Missing character: There is no M in font nullfont!
Missing character: There is no a in font nullfont!
Missing character: There is no x in font nullfont!
Missing character: There is no S in font nullfont!
Missing character: There is no t in font nullfont!
Missing character: There is no e in font nullfont!
Missing character: There is no p in font nullfont!
Missing character: There is no " in font nullfont!
Missing character: There is no , in font nullfont!
Missing character: There is no 0 in font nullfont!
Missing character: There is no . in font nullfont!
Missing character: There is no 1 in font nullfont!
Missing character: There is no , in font nullfont!
Missing character: There is no " in font nullfont!
Missing character: There is no E in font nullfont!
Missing character: There is no v in font nullfont!
Missing character: There is no e in font nullfont!
Missing character: There is no n in font nullfont!
Missing character: There is no t in font nullfont!
Missing character: There is no s in font nullfont!
Missing character: There is no " in font nullfont!
Missing character: There is no , in font nullfont!
Missing character: There is no @ in font nullfont!
Missing character: There is no c in font nullfont!
Missing character: There is no h in font nullfont!
Missing character: There is no e in font nullfont!
Missing character: There is no c in font nullfont!
Missing character: There is no k in font nullfont!
! Missing $ inserted.
<inserted text> 
                $
l.34 				 "Events", @check_
                           for_end)
I've inserted a begin-math/end-math symbol since I think
you left one out. Proceed, with fingers crossed.

! Missing $ inserted.
<inserted text> 
                $
l.35 
     
I've inserted a begin-math/end-math symbol since I think
you left one out. Proceed, with fingers crossed.


Overfull \hbox (20.0pt too wide) in paragraph at lines 30--35
[]
 []


Overfull \hbox (33.93312pt too wide) in paragraph at lines 30--35
[]\OML/cmm/m/it/10 or[]nd\OT1/cmr/m/n/10 )$ 
 []


! LaTeX Error: Missing \begin{document}.

See the LaTeX manual or LaTeX Companion for explanation.
Type  H <return>  for immediate help.
 ...                                              
                                                  
l.36 w
      arning("off", "all")
You're in trouble here.  Try typing  <return>  to proceed.
If that doesn't work, type  X <return>  to quit.

Missing character: There is no w in font nullfont!
Missing character: There is no a in font nullfont!
Missing character: There is no r in font nullfont!
Missing character: There is no n in font nullfont!
Missing character: There is no i in font nullfont!
Missing character: There is no n in font nullfont!
Missing character: There is no g in font nullfont!
Missing character: There is no ( in font nullfont!
Missing character: There is no " in font nullfont!
Missing character: There is no o in font nullfont!
Missing character: There is no f in font nullfont!
Missing character: There is no f in font nullfont!
Missing character: There is no " in font nullfont!
Missing character: There is no , in font nullfont!
Missing character: There is no " in font nullfont!
Missing character: There is no a in font nullfont!
Missing character: There is no l in font nullfont!
Missing character: There is no l in font nullfont!
Missing character: There is no " in font nullfont!
Missing character: There is no ) in font nullfont!
Missing character: There is no V in font nullfont!
Missing character: There is no = in font nullfont!
Missing character: There is no l in font nullfont!
Missing character: There is no i in font nullfont!
Missing character: There is no n in font nullfont!
Missing character: There is no s in font nullfont!
Missing character: There is no p in font nullfont!
Missing character: There is no a in font nullfont!
Missing character: There is no c in font nullfont!
Missing character: There is no e in font nullfont!
Missing character: There is no ( in font nullfont!
Missing character: There is no 0 in font nullfont!
Missing character: There is no . in font nullfont!
Missing character: There is no 0 in font nullfont!
Missing character: There is no , in font nullfont!
Missing character: There is no 1 in font nullfont!
Missing character: There is no . in font nullfont!
Missing character: There is no 0 in font nullfont!
Missing character: There is no , in font nullfont!
Missing character: There is no 4 in font nullfont!
Missing character: There is no 0 in font nullfont!
Missing character: There is no ) in font nullfont!
Missing character: There is no ; in font nullfont!
Missing character: There is no t in font nullfont!
Missing character: There is no o in font nullfont!
Missing character: There is no t in font nullfont!
Missing character: There is no a in font nullfont!
Missing character: There is no l in font nullfont!
! Missing $ inserted.
<inserted text> 
                $
l.38 total_
           cases = zeros(length(V),3);
I've inserted a begin-math/end-math symbol since I think
you left one out. Proceed, with fingers crossed.

! Missing $ inserted.
<inserted text> 
                $
l.45 
     
I've inserted a begin-math/end-math symbol since I think
you left one out. Proceed, with fingers crossed.


Overfull \hbox (20.0pt too wide) in paragraph at lines 36--45
[]
 []


Overfull \hbox (33.94641pt too wide) in paragraph at lines 36--45
[]\OML/cmm/m/it/10 ases \OT1/cmr/m/n/10 =
 []


Overfull \hbox (140.30774pt too wide) in paragraph at lines 36--45
\OML/cmm/m/it/10 zeros\OT1/cmr/m/n/10 (\OML/cmm/m/it/10 length\OT1/cmr/m/n/10 (
\OML/cmm/m/it/10 V\OT1/cmr/m/n/10 )\OML/cmm/m/it/10 ; \OT1/cmr/m/n/10 3); \OML/
cmm/m/it/10 total[]ases\OT1/cmr/m/n/10 (:
 []


Overfull \hbox (23.88884pt too wide) in paragraph at lines 36--45
\OML/cmm/m/it/10 ; \OT1/cmr/m/n/10 3) =
 []


Overfull \hbox (42.10947pt too wide) in paragraph at lines 36--45
\OML/cmm/m/it/10 V\OT1/cmr/m/n/10 ; \OML/cmm/m/it/10 fori \OT1/cmr/m/n/10 =
 []


Overfull \hbox (10.55551pt too wide) in paragraph at lines 36--45
\OT1/cmr/m/n/10 1 :
 []


Overfull \hbox (81.19342pt too wide) in paragraph at lines 36--45
\OML/cmm/m/it/10 length\OT1/cmr/m/n/10 (\OML/cmm/m/it/10 V\OT1/cmr/m/n/10 )\OML
/cmm/m/it/10 clf\OT1/cmr/m/n/10 ()\OML/cmm/m/it/10 v \OT1/cmr/m/n/10 =
 []


Overfull \hbox (24.2785pt too wide) in paragraph at lines 36--45
\OML/cmm/m/it/10 V\OT1/cmr/m/n/10 (\OML/cmm/m/it/10 i\OT1/cmr/m/n/10 ) \OMS/cms
y/m/n/10 ^^C
 []


Overfull \hbox (64.69624pt too wide) in paragraph at lines 36--45
\OML/cmm/m/it/10 v[]riginal\OT1/cmr/m/n/10 ; \OML/cmm/m/it/10 N \OT1/cmr/m/n/10
 =
 []


Overfull \hbox (93.94704pt too wide) in paragraph at lines 36--45
\OML/cmm/m/it/10 N[]tudents\OT1/cmr/m/n/10 ; [\OML/cmm/m/it/10 TY; Y\OT1/cmr/m/
n/10 ] =
 []


Overfull \hbox (158.18608pt too wide) in paragraph at lines 36--45
\OML/cmm/m/it/10 ode\OT1/cmr/m/n/10 45(@\OML/cmm/m/it/10 sir; \OT1/cmr/m/n/10 [
0\OML/cmm/m/it/10 ; \OT1/cmr/m/n/10 12\OML/cmm/m/it/10 :\OT1/cmr/m/n/10 0]\OML/
cmm/m/it/10 ; \OT1/cmr/m/n/10 [0\OML/cmm/m/it/10 :\OT1/cmr/m/n/10 97; 0\OML/cmm
/m/it/10 :\OT1/cmr/m/n/10 03; 0\OML/cmm/m/it/10 :\OT1/cmr/m/n/10 0] \OMS/cmsy/m
/n/10 ^^C
 []


Overfull \hbox (90.90848pt too wide) in paragraph at lines 36--45
\OML/cmm/m/it/10 N[]tudents; options\OT1/cmr/m/n/10 );$ 
 []


! LaTeX Error: Missing \begin{document}.

See the LaTeX manual or LaTeX Companion for explanation.
Type  H <return>  for immediate help.
 ...                                              
                                                  
l.46 	v
        = (1 - V(i)) * v_original;
You're in trouble here.  Try typing  <return>  to proceed.
If that doesn't work, type  X <return>  to quit.

Missing character: There is no v in font nullfont!
Missing character: There is no = in font nullfont!
Missing character: There is no ( in font nullfont!
Missing character: There is no 1 in font nullfont!
Missing character: There is no - in font nullfont!
Missing character: There is no V in font nullfont!
Missing character: There is no ( in font nullfont!
Missing character: There is no i in font nullfont!
Missing character: There is no ) in font nullfont!
Missing character: There is no ) in font nullfont!
Missing character: There is no * in font nullfont!
Missing character: There is no v in font nullfont!
! Missing $ inserted.
<inserted text> 
                $
l.46 	v = (1 - V(i)) * v_
                         original;
I've inserted a begin-math/end-math symbol since I think
you left one out. Proceed, with fingers crossed.

! Missing $ inserted.
<inserted text> 
                $
l.49 
     
I've inserted a begin-math/end-math symbol since I think
you left one out. Proceed, with fingers crossed.


Overfull \hbox (20.0pt too wide) in paragraph at lines 46--49
[]
 []


Overfull \hbox (59.84901pt too wide) in paragraph at lines 46--49
[]\OML/cmm/m/it/10 riginal\OT1/cmr/m/n/10 ; \OML/cmm/m/it/10 N \OT1/cmr/m/n/10 
=
 []


Overfull \hbox (94.34515pt too wide) in paragraph at lines 46--49
\OML/cmm/m/it/10 N[]thacans\OT1/cmr/m/n/10 ; [\OML/cmm/m/it/10 TZ; Z\OT1/cmr/m/
n/10 ] =
 []


Overfull \hbox (158.18608pt too wide) in paragraph at lines 46--49
\OML/cmm/m/it/10 ode\OT1/cmr/m/n/10 45(@\OML/cmm/m/it/10 sir; \OT1/cmr/m/n/10 [
0\OML/cmm/m/it/10 ; \OT1/cmr/m/n/10 12\OML/cmm/m/it/10 :\OT1/cmr/m/n/10 0]\OML/
cmm/m/it/10 ; \OT1/cmr/m/n/10 [0\OML/cmm/m/it/10 :\OT1/cmr/m/n/10 97; 0\OML/cmm
/m/it/10 :\OT1/cmr/m/n/10 03; 0\OML/cmm/m/it/10 :\OT1/cmr/m/n/10 0] \OMS/cmsy/m
/n/10 ^^C
 []


Overfull \hbox (91.16771pt too wide) in paragraph at lines 46--49
\OML/cmm/m/it/10 N[]thacans; options\OT1/cmr/m/n/10 );$ 
 []


! LaTeX Error: Missing \begin{document}.

See the LaTeX manual or LaTeX Companion for explanation.
Type  H <return>  for immediate help.
 ...                                              
                                                  
l.51 	i
       f TZ(end) > TY(end)
You're in trouble here.  Try typing  <return>  to proceed.
If that doesn't work, type  X <return>  to quit.

Missing character: There is no i in font nullfont!
Missing character: There is no f in font nullfont!
Missing character: There is no T in font nullfont!
Missing character: There is no Z in font nullfont!
Missing character: There is no ( in font nullfont!
Missing character: There is no e in font nullfont!
Missing character: There is no n in font nullfont!
Missing character: There is no d in font nullfont!
Missing character: There is no ) in font nullfont!
Missing character: There is no > in font nullfont!
Missing character: There is no T in font nullfont!
Missing character: There is no Y in font nullfont!
Missing character: There is no ( in font nullfont!
Missing character: There is no e in font nullfont!
Missing character: There is no n in font nullfont!
Missing character: There is no d in font nullfont!
Missing character: There is no ) in font nullfont!
Missing character: There is no v in font nullfont!
Missing character: There is no = in font nullfont!
Missing character: There is no v in font nullfont!
! Missing $ inserted.
<inserted text> 
                $
l.52 		v = v_
             original;
I've inserted a begin-math/end-math symbol since I think
you left one out. Proceed, with fingers crossed.

! Double subscript.
l.54 		[m, closest_z_
                     index] = min(abs(TY(end) - TZ));
I treat `x_1_2' essentially like `x_1{}_2'.

! Double subscript.
l.55 ... ode45(@sir, [TY(end), 12.0], Z(closest_z_
                                                  index,:), options);
I treat `x_1_2' essentially like `x_1{}_2'.

! Double subscript.
l.61 		plot([TZ(1:closest_z_
                            index); TZ2], [Z(1:closest_z_index,1); Z2(:,1)]);
I treat `x_1_2' essentially like `x_1{}_2'.

! Double subscript.
l.61 ...(1:closest_z_index); TZ2], [Z(1:closest_z_
                                                  index,1); Z2(:,1)]);
I treat `x_1_2' essentially like `x_1{}_2'.

! Double subscript.
l.67 		[m, closest_y_
                     index] = min(abs(TZ(end) - TY));
I treat `x_1_2' essentially like `x_1{}_2'.

! Double subscript.
l.68 ... ode45(@sir, [TZ(end), 12.0], Y(closest_y_
                                                  index, :), options);
I treat `x_1_2' essentially like `x_1{}_2'.

! Double subscript.
l.72 		plot([TY(1:closest_y_
                            index); TY2], [Y(1:closest_y_index,1); Y2(:,1)]);
I treat `x_1_2' essentially like `x_1{}_2'.

! Double subscript.
l.72 ...(1:closest_y_index); TY2], [Y(1:closest_y_
                                                  index,1); Y2(:,1)]);
I treat `x_1_2' essentially like `x_1{}_2'.

! Missing $ inserted.
<inserted text> 
                $
l.80 
     
I've inserted a begin-math/end-math symbol since I think
you left one out. Proceed, with fingers crossed.


Overfull \hbox (20.0pt too wide) in paragraph at lines 51--80
[]
 []


Overfull \hbox (59.84901pt too wide) in paragraph at lines 51--80
[]\OML/cmm/m/it/10 riginal\OT1/cmr/m/n/10 ; \OML/cmm/m/it/10 N \OT1/cmr/m/n/10 
=
 []


Overfull \hbox (140.87831pt too wide) in paragraph at lines 51--80
\OML/cmm/m/it/10 N[]thacans\OT1/cmr/m/n/10 ; [\OML/cmm/m/it/10 m; closest[][]nd
ex\OT1/cmr/m/n/10 ] =
 []


Overfull \hbox (86.94998pt too wide) in paragraph at lines 51--80
\OML/cmm/m/it/10 min\OT1/cmr/m/n/10 (\OML/cmm/m/it/10 abs\OT1/cmr/m/n/10 (\OML/
cmm/m/it/10 TY\OT1/cmr/m/n/10 (\OML/cmm/m/it/10 end\OT1/cmr/m/n/10 ) \OMS/cmsy/
m/n/10 ^^@
 []


Overfull \hbox (79.86806pt too wide) in paragraph at lines 51--80
\OML/cmm/m/it/10 TZ\OT1/cmr/m/n/10 )); [\OML/cmm/m/it/10 TZ\OT1/cmr/m/n/10 2\OM
L/cmm/m/it/10 ; Z\OT1/cmr/m/n/10 2] =
 []


Overfull \hbox (202.47612pt too wide) in paragraph at lines 51--80
\OML/cmm/m/it/10 ode\OT1/cmr/m/n/10 45(@\OML/cmm/m/it/10 sir; \OT1/cmr/m/n/10 [
\OML/cmm/m/it/10 TY\OT1/cmr/m/n/10 (\OML/cmm/m/it/10 end\OT1/cmr/m/n/10 )\OML/c
mm/m/it/10 ; \OT1/cmr/m/n/10 12\OML/cmm/m/it/10 :\OT1/cmr/m/n/10 0]\OML/cmm/m/i
t/10 ; Z\OT1/cmr/m/n/10 (\OML/cmm/m/it/10 closest[][]ndex; \OT1/cmr/m/n/10 :
 []


Overfull \hbox (124.09134pt too wide) in paragraph at lines 51--80
\OT1/cmr/m/n/10 )\OML/cmm/m/it/10 ; options\OT1/cmr/m/n/10 ); \OML/cmm/m/it/10 
total[]ases\OT1/cmr/m/n/10 (\OML/cmm/m/it/10 i; \OT1/cmr/m/n/10 1) =
 []


Overfull \hbox (48.8913pt too wide) in paragraph at lines 51--80
\OML/cmm/m/it/10 Y\OT1/cmr/m/n/10 (\OML/cmm/m/it/10 end; \OT1/cmr/m/n/10 2) +
 []


Overfull \hbox (48.8913pt too wide) in paragraph at lines 51--80
\OML/cmm/m/it/10 Y\OT1/cmr/m/n/10 (\OML/cmm/m/it/10 end; \OT1/cmr/m/n/10 3) \OM
S/cmsy/m/n/10 ^^@
 []


Overfull \hbox (24.2785pt too wide) in paragraph at lines 51--80
\OML/cmm/m/it/10 V\OT1/cmr/m/n/10 (\OML/cmm/m/it/10 i\OT1/cmr/m/n/10 ) \OMS/cms
y/m/n/10 ^^C
 []


Overfull \hbox (45.57137pt too wide) in paragraph at lines 51--80
\OML/cmm/m/it/10 v[]riginal \OMS/cmsy/m/n/10 ^^C
 []


Overfull \hbox (118.29904pt too wide) in paragraph at lines 51--80
\OML/cmm/m/it/10 TY\OT1/cmr/m/n/10 (\OML/cmm/m/it/10 end\OT1/cmr/m/n/10 ); \OML
/cmm/m/it/10 total[]ases\OT1/cmr/m/n/10 (\OML/cmm/m/it/10 i; \OT1/cmr/m/n/10 2)
 =
 []


Overfull \hbox (53.4052pt too wide) in paragraph at lines 51--80
\OML/cmm/m/it/10 Z\OT1/cmr/m/n/10 2(\OML/cmm/m/it/10 end; \OT1/cmr/m/n/10 2) +
 []


Overfull \hbox (53.4052pt too wide) in paragraph at lines 51--80
\OML/cmm/m/it/10 Z\OT1/cmr/m/n/10 2(\OML/cmm/m/it/10 end; \OT1/cmr/m/n/10 3) \O
MS/cmsy/m/n/10 ^^@
 []


Overfull \hbox (16.66672pt too wide) in paragraph at lines 51--80
\OT1/cmr/m/n/10 (1 \OMS/cmsy/m/n/10 ^^@
 []


Overfull \hbox (28.1674pt too wide) in paragraph at lines 51--80
\OML/cmm/m/it/10 V\OT1/cmr/m/n/10 (\OML/cmm/m/it/10 i\OT1/cmr/m/n/10 )) \OMS/cm
sy/m/n/10 ^^C
 []


Overfull \hbox (45.57137pt too wide) in paragraph at lines 51--80
\OML/cmm/m/it/10 v[]riginal \OMS/cmsy/m/n/10 ^^C
 []


Overfull \hbox (46.1934pt too wide) in paragraph at lines 51--80
\OML/cmm/m/it/10 TZ\OT1/cmr/m/n/10 (\OML/cmm/m/it/10 end\OT1/cmr/m/n/10 ) \OMS/
cmsy/m/n/10 ^^@
 []


Overfull \hbox (45.57137pt too wide) in paragraph at lines 51--80
\OML/cmm/m/it/10 v[]riginal \OMS/cmsy/m/n/10 ^^C
 []


Overfull \hbox (55.08232pt too wide) in paragraph at lines 51--80
\OT1/cmr/m/n/10 (\OML/cmm/m/it/10 TZ\OT1/cmr/m/n/10 2(\OML/cmm/m/it/10 end\OT1/
cmr/m/n/10 ) \OMS/cmsy/m/n/10 ^^@
 []


Overfull \hbox (124.02101pt too wide) in paragraph at lines 51--80
\OML/cmm/m/it/10 TZ\OT1/cmr/m/n/10 2(1)); \OML/cmm/m/it/10 holdonplot\OT1/cmr/m
/n/10 (\OML/cmm/m/it/10 TY; Y\OT1/cmr/m/n/10 (:
 []


Overfull \hbox (146.48088pt too wide) in paragraph at lines 51--80
\OML/cmm/m/it/10 ; \OT1/cmr/m/n/10 1)); \OML/cmm/m/it/10 title\OT1/cmr/m/n/10 (
\OML/cmm/m/it/10 sprintf\OT1/cmr/m/n/10 ([]\OML/cmm/m/it/10 IthacaCases \OT1/cm
r/m/n/10 :
 []


Overfull \hbox (52.55559pt too wide) in paragraph at lines 51--80
\OML/cmm/m/it/10 plot\OT1/cmr/m/n/10 ([\OML/cmm/m/it/10 TZ\OT1/cmr/m/n/10 (1 :
 []


Overfull \hbox (119.60718pt too wide) in paragraph at lines 51--80
\OML/cmm/m/it/10 closest[][]ndex\OT1/cmr/m/n/10 ); \OML/cmm/m/it/10 TZ\OT1/cmr/
m/n/10 2]\OML/cmm/m/it/10 ; \OT1/cmr/m/n/10 [\OML/cmm/m/it/10 Z\OT1/cmr/m/n/10 
(1 :
 []


Overfull \hbox (96.49957pt too wide) in paragraph at lines 51--80
\OML/cmm/m/it/10 closest[][]ndex; \OT1/cmr/m/n/10 1); \OML/cmm/m/it/10 Z\OT1/cm
r/m/n/10 2(:
 []


Overfull \hbox (225.7943pt too wide) in paragraph at lines 51--80
\OML/cmm/m/it/10 ; \OT1/cmr/m/n/10 1)]); \OML/cmm/m/it/10 legend\OT1/cmr/m/n/10
 ([]\OML/cmm/m/it/10 Students[];[] Ithacans[]\OT1/cmr/m/n/10 )\OML/cmm/m/it/10 
holdoffelsev \OT1/cmr/m/n/10 =
 []


Overfull \hbox (64.69624pt too wide) in paragraph at lines 51--80
\OML/cmm/m/it/10 v[]riginal\OT1/cmr/m/n/10 ; \OML/cmm/m/it/10 N \OT1/cmr/m/n/10
 =
 []


Overfull \hbox (140.81815pt too wide) in paragraph at lines 51--80
\OML/cmm/m/it/10 N[]tudents\OT1/cmr/m/n/10 ; [\OML/cmm/m/it/10 m; closest[][]nd
ex\OT1/cmr/m/n/10 ] =
 []


Overfull \hbox (86.46387pt too wide) in paragraph at lines 51--80
\OML/cmm/m/it/10 min\OT1/cmr/m/n/10 (\OML/cmm/m/it/10 abs\OT1/cmr/m/n/10 (\OML/
cmm/m/it/10 TZ\OT1/cmr/m/n/10 (\OML/cmm/m/it/10 end\OT1/cmr/m/n/10 ) \OMS/cmsy/
m/n/10 ^^@
 []


Overfull \hbox (81.3264pt too wide) in paragraph at lines 51--80
\OML/cmm/m/it/10 TY\OT1/cmr/m/n/10 )); [\OML/cmm/m/it/10 TY\OT1/cmr/m/n/10 2\OM
L/cmm/m/it/10 ; Y\OT1/cmr/m/n/10 2] =
 []


Overfull \hbox (202.67519pt too wide) in paragraph at lines 51--80
\OML/cmm/m/it/10 ode\OT1/cmr/m/n/10 45(@\OML/cmm/m/it/10 sir; \OT1/cmr/m/n/10 [
\OML/cmm/m/it/10 TZ\OT1/cmr/m/n/10 (\OML/cmm/m/it/10 end\OT1/cmr/m/n/10 )\OML/c
mm/m/it/10 ; \OT1/cmr/m/n/10 12\OML/cmm/m/it/10 :\OT1/cmr/m/n/10 0]\OML/cmm/m/i
t/10 ; Y\OT1/cmr/m/n/10 (\OML/cmm/m/it/10 closest[][]ndex; \OT1/cmr/m/n/10 :
 []


Overfull \hbox (124.09134pt too wide) in paragraph at lines 51--80
\OT1/cmr/m/n/10 )\OML/cmm/m/it/10 ; options\OT1/cmr/m/n/10 ); \OML/cmm/m/it/10 
total[]ases\OT1/cmr/m/n/10 (\OML/cmm/m/it/10 i; \OT1/cmr/m/n/10 1) =
 []


Overfull \hbox (53.89131pt too wide) in paragraph at lines 51--80
\OML/cmm/m/it/10 Y\OT1/cmr/m/n/10 2(\OML/cmm/m/it/10 end; \OT1/cmr/m/n/10 2) +
 []


Overfull \hbox (53.89131pt too wide) in paragraph at lines 51--80
\OML/cmm/m/it/10 Y\OT1/cmr/m/n/10 2(\OML/cmm/m/it/10 end; \OT1/cmr/m/n/10 3) \O
MS/cmsy/m/n/10 ^^@
 []


Overfull \hbox (24.2785pt too wide) in paragraph at lines 51--80
\OML/cmm/m/it/10 V\OT1/cmr/m/n/10 (\OML/cmm/m/it/10 i\OT1/cmr/m/n/10 ) \OMS/cms
y/m/n/10 ^^C
 []


Overfull \hbox (45.57137pt too wide) in paragraph at lines 51--80
\OML/cmm/m/it/10 v[]riginal \OMS/cmsy/m/n/10 ^^C
 []


Overfull \hbox (46.67952pt too wide) in paragraph at lines 51--80
\OML/cmm/m/it/10 TY\OT1/cmr/m/n/10 (\OML/cmm/m/it/10 end\OT1/cmr/m/n/10 ) \OMS/
cmsy/m/n/10 ^^@
 []


Overfull \hbox (45.57137pt too wide) in paragraph at lines 51--80
\OML/cmm/m/it/10 v[]riginal \OMS/cmsy/m/n/10 ^^C
 []


Overfull \hbox (55.56844pt too wide) in paragraph at lines 51--80
\OT1/cmr/m/n/10 (\OML/cmm/m/it/10 TY\OT1/cmr/m/n/10 2(\OML/cmm/m/it/10 end\OT1/
cmr/m/n/10 ) \OMS/cmsy/m/n/10 ^^@
 []


Overfull \hbox (116.3245pt too wide) in paragraph at lines 51--80
\OML/cmm/m/it/10 TY\OT1/cmr/m/n/10 2(1)); \OML/cmm/m/it/10 total[]ases\OT1/cmr/
m/n/10 (\OML/cmm/m/it/10 i; \OT1/cmr/m/n/10 2) =
 []


Overfull \hbox (48.40518pt too wide) in paragraph at lines 51--80
\OML/cmm/m/it/10 Z\OT1/cmr/m/n/10 (\OML/cmm/m/it/10 end; \OT1/cmr/m/n/10 2) +
 []


Overfull \hbox (48.40518pt too wide) in paragraph at lines 51--80
\OML/cmm/m/it/10 Z\OT1/cmr/m/n/10 (\OML/cmm/m/it/10 end; \OT1/cmr/m/n/10 3) \OM
S/cmsy/m/n/10 ^^@
 []


Overfull \hbox (16.66672pt too wide) in paragraph at lines 51--80
\OT1/cmr/m/n/10 (1 \OMS/cmsy/m/n/10 ^^@
 []


Overfull \hbox (28.1674pt too wide) in paragraph at lines 51--80
\OML/cmm/m/it/10 V\OT1/cmr/m/n/10 (\OML/cmm/m/it/10 i\OT1/cmr/m/n/10 )) \OMS/cm
sy/m/n/10 ^^C
 []


Overfull \hbox (45.57137pt too wide) in paragraph at lines 51--80
\OML/cmm/m/it/10 v[]riginal \OMS/cmsy/m/n/10 ^^C
 []


Overfull \hbox (125.74554pt too wide) in paragraph at lines 51--80
\OML/cmm/m/it/10 TZ\OT1/cmr/m/n/10 (\OML/cmm/m/it/10 end\OT1/cmr/m/n/10 ); \OML
/cmm/m/it/10 holdonplot\OT1/cmr/m/n/10 ([\OML/cmm/m/it/10 TY\OT1/cmr/m/n/10 (1 
:
 []


Overfull \hbox (120.77847pt too wide) in paragraph at lines 51--80
\OML/cmm/m/it/10 closest[][]ndex\OT1/cmr/m/n/10 ); \OML/cmm/m/it/10 TY\OT1/cmr/
m/n/10 2]\OML/cmm/m/it/10 ; \OT1/cmr/m/n/10 [\OML/cmm/m/it/10 Y\OT1/cmr/m/n/10 
(1 :
 []


Overfull \hbox (97.18475pt too wide) in paragraph at lines 51--80
\OML/cmm/m/it/10 closest[][]ndex; \OT1/cmr/m/n/10 1); \OML/cmm/m/it/10 Y\OT1/cm
r/m/n/10 2(:
 []


Overfull \hbox (149.25867pt too wide) in paragraph at lines 51--80
\OML/cmm/m/it/10 ; \OT1/cmr/m/n/10 1)]); \OML/cmm/m/it/10 title\OT1/cmr/m/n/10 
(\OML/cmm/m/it/10 sprintf\OT1/cmr/m/n/10 ([]\OML/cmm/m/it/10 IthacaCases \OT1/c
mr/m/n/10 :
 []


Overfull \hbox (53.4306pt too wide) in paragraph at lines 51--80
\OML/cmm/m/it/10 plot\OT1/cmr/m/n/10 (\OML/cmm/m/it/10 TZ; Z\OT1/cmr/m/n/10 (:
 []


Overfull \hbox (226.24576pt too wide) in paragraph at lines 51--80
\OML/cmm/m/it/10 ; \OT1/cmr/m/n/10 1)); \OML/cmm/m/it/10 legend\OT1/cmr/m/n/10 
([]\OML/cmm/m/it/10 Students[];[] Ithacans[]\OT1/cmr/m/n/10 ); \OML/cmm/m/it/10
 holdoffendend$ 
 []

)
! Emergency stop.
<*> sir-two-independant.m
                         
*** (job aborted, no legal \end found)

 
Here is how much of TeX's memory you used:
 8 strings out of 495020
 215 string characters out of 6181324
 51973 words of memory out of 5000000
 3322 multiletter control sequences out of 15000+600000
 3640 words of font info for 14 fonts, out of 8000000 for 9000
 14 hyphenation exceptions out of 8191
 18i,2n,12p,138b,56s stack positions out of 5000i,500n,10000p,200000b,80000s
!  ==> Fatal error occurred, no output PDF file produced!
